<?xml version="1.0" encoding="utf-8"?><testsuites name="pytest tests"><testsuite name="pytest" errors="0" failures="2" skipped="0" tests="22" time="6.351" timestamp="2026-02-11T00:03:31.280058+00:00" hostname="agent-env-26447e6d-b7d0-49bc-a4fe-dacb9f53ab9c"><testcase classname="tests.test_quissme_api.TestHealthCheck" name="test_api_root" time="0.072" /><testcase classname="tests.test_quissme_api.TestUserRegistration" name="test_register_user_and_verify" time="0.562" /><testcase classname="tests.test_quissme_api.TestInviteAndCoupleMatching" name="test_join_invite_and_verify_couple" time="1.621" /><testcase classname="tests.test_quissme_api.TestQuizzes" name="test_get_quizzes_list" time="0.034" /><testcase classname="tests.test_quissme_api.TestQuizzes" name="test_get_quiz_with_questions" time="0.038" /><testcase classname="tests.test_quissme_api.TestQuizSubmission" name="test_submit_quiz_and_verify_result" time="0.039"><failure message="AssertionError: Submit failed: {&quot;detail&quot;:[{&quot;type&quot;:&quot;missing&quot;,&quot;loc&quot;:[&quot;body&quot;,&quot;cycle_id&quot;],&quot;msg&quot;:&quot;Field required&quot;,&quot;input&quot;:{&quot;user_id&quot;:&quot;bc707610-ed9d-4dc1-8bde-2ca656a4a824&quot;,&quot;couple_id&quot;:&quot;5cb3debd-66a7-4b93-8921-8149f186d2d2&quot;,&quot;quiz_id&quot;:&quot;love_words_01&quot;,&quot;answers&quot;:[{&quot;question_id&quot;:&quot;w_q1&quot;,&quot;option_id&quot;:&quot;A&quot;},{&quot;question_id&quot;:&quot;w_q2&quot;,&quot;option_id&quot;:&quot;A&quot;},{&quot;question_id&quot;:&quot;w_q3&quot;,&quot;option_id&quot;:&quot;A&quot;},{&quot;question_id&quot;:&quot;w_q4&quot;,&quot;option_id&quot;:&quot;A&quot;},{&quot;question_id&quot;:&quot;w_q5&quot;,&quot;option_id&quot;:&quot;A&quot;},{&quot;question_id&quot;:&quot;w_q6&quot;,&quot;option_id&quot;:&quot;A&quot;},{&quot;question_id&quot;:&quot;w_q7&quot;,&quot;option_id&quot;:&quot;A&quot;},{&quot;question_id&quot;:&quot;w_q8&quot;,&quot;option_id&quot;:&quot;A&quot;},{&quot;question_id&quot;:&quot;w_q9&quot;,&quot;option_id&quot;:&quot;A&quot;},{&quot;question_id&quot;:&quot;w_q10&quot;,&quot;option_id&quot;:&quot;A&quot;}]},&quot;url&quot;:&quot;https://errors.pydantic.dev/2.12/v/missing&quot;}]}&#10;assert 422 == 200&#10; +  where 422 = &lt;Response [422]&gt;.status_code">tests/test_quissme_api.py:201: in test_submit_quiz_and_verify_result
    assert submit_response.status_code == 200, f"Submit failed: {submit_response.text}"
E   AssertionError: Submit failed: {"detail":[{"type":"missing","loc":["body","cycle_id"],"msg":"Field required","input":{"user_id":"bc707610-ed9d-4dc1-8bde-2ca656a4a824","couple_id":"5cb3debd-66a7-4b93-8921-8149f186d2d2","quiz_id":"love_words_01","answers":[{"question_id":"w_q1","option_id":"A"},{"question_id":"w_q2","option_id":"A"},{"question_id":"w_q3","option_id":"A"},{"question_id":"w_q4","option_id":"A"},{"question_id":"w_q5","option_id":"A"},{"question_id":"w_q6","option_id":"A"},{"question_id":"w_q7","option_id":"A"},{"question_id":"w_q8","option_id":"A"},{"question_id":"w_q9","option_id":"A"},{"question_id":"w_q10","option_id":"A"}]},"url":"https://errors.pydantic.dev/2.12/v/missing"}]}
E   assert 422 == 200
E    +  where 422 = &lt;Response [422]&gt;.status_code</failure></testcase><testcase classname="tests.test_quissme_api.TestQuizSubmission" name="test_get_couple_results" time="0.032"><failure message="assert 404 == 200&#10; +  where 404 = &lt;Response [404]&gt;.status_code">tests/test_quissme_api.py:246: in test_get_couple_results
    assert response.status_code == 200
E   assert 404 == 200
E    +  where 404 = &lt;Response [404]&gt;.status_code</failure></testcase><testcase classname="tests.test_quissme_api.TestErrorHandling" name="test_invalid_user_id" time="0.037" /><testcase classname="tests.test_quissme_api.TestErrorHandling" name="test_invalid_invite_code" time="0.039" /><testcase classname="tests.test_quissme_api.TestErrorHandling" name="test_invalid_quiz_id" time="0.033" /><testcase classname="tests.test_quiz_state_machine.TestQuizWheel" name="test_get_wheel_for_couple" time="1.867" /><testcase classname="tests.test_quiz_state_machine.TestClusterCycleFlow" name="test_activate_quiz_creates_cycle" time="0.035" /><testcase classname="tests.test_quiz_state_machine.TestClusterCycleFlow" name="test_submit_first_user_updates_to_one_completed" time="0.045" /><testcase classname="tests.test_quiz_state_machine.TestClusterCycleFlow" name="test_submit_second_user_updates_to_ready_to_reveal" time="1.458" /><testcase classname="tests.test_quiz_state_machine.TestClusterCycleFlow" name="test_reveal_quiz_returns_reward_choices" time="0.050" /><testcase classname="tests.test_quiz_state_machine.TestTendenciesAndZones" name="test_no_percentages_in_result" time="0.037" /><testcase classname="tests.test_quiz_state_machine.TestTendenciesAndZones" name="test_zone_is_flow_spark_or_talk" time="0.035" /><testcase classname="tests.test_quiz_state_machine.TestGardenManagement" name="test_place_garden_item" time="0.044" /><testcase classname="tests.test_quiz_state_machine.TestGardenManagement" name="test_get_garden" time="0.033" /><testcase classname="tests.test_quiz_state_machine.TestErrorHandling" name="test_cannot_activate_same_quiz_twice" time="0.057" /><testcase classname="tests.test_quiz_state_machine.TestErrorHandling" name="test_invalid_cycle_id" time="0.035" /><testcase classname="tests.test_quiz_state_machine.TestErrorHandling" name="test_reveal_before_both_complete" time="0.063" /></testsuite></testsuites>