<?xml version="1.0" encoding="utf-8"?><testsuites name="pytest tests"><testsuite name="pytest" errors="0" failures="0" skipped="0" tests="22" time="6.853" timestamp="2026-02-11T00:04:20.149683+00:00" hostname="agent-env-26447e6d-b7d0-49bc-a4fe-dacb9f53ab9c"><testcase classname="tests.test_quissme_api.TestHealthCheck" name="test_api_root" time="0.072" /><testcase classname="tests.test_quissme_api.TestUserRegistration" name="test_register_user_and_verify" time="0.678" /><testcase classname="tests.test_quissme_api.TestInviteAndCoupleMatching" name="test_join_invite_and_verify_couple" time="1.629" /><testcase classname="tests.test_quissme_api.TestQuizzes" name="test_get_quizzes_list" time="0.040" /><testcase classname="tests.test_quissme_api.TestQuizzes" name="test_get_quiz_with_questions" time="0.038" /><testcase classname="tests.test_quissme_api.TestQuizSubmission" name="test_submit_quiz_and_verify_result" time="0.116" /><testcase classname="tests.test_quissme_api.TestQuizSubmission" name="test_get_couple_results" time="0.039" /><testcase classname="tests.test_quissme_api.TestErrorHandling" name="test_invalid_user_id" time="0.033" /><testcase classname="tests.test_quissme_api.TestErrorHandling" name="test_invalid_invite_code" time="0.036" /><testcase classname="tests.test_quissme_api.TestErrorHandling" name="test_invalid_quiz_id" time="0.040" /><testcase classname="tests.test_quiz_state_machine.TestQuizWheel" name="test_get_wheel_for_couple" time="2.039" /><testcase classname="tests.test_quiz_state_machine.TestClusterCycleFlow" name="test_activate_quiz_creates_cycle" time="0.036" /><testcase classname="tests.test_quiz_state_machine.TestClusterCycleFlow" name="test_submit_first_user_updates_to_one_completed" time="0.043" /><testcase classname="tests.test_quiz_state_machine.TestClusterCycleFlow" name="test_submit_second_user_updates_to_ready_to_reveal" time="1.499" /><testcase classname="tests.test_quiz_state_machine.TestClusterCycleFlow" name="test_reveal_quiz_returns_reward_choices" time="0.057" /><testcase classname="tests.test_quiz_state_machine.TestTendenciesAndZones" name="test_no_percentages_in_result" time="0.036" /><testcase classname="tests.test_quiz_state_machine.TestTendenciesAndZones" name="test_zone_is_flow_spark_or_talk" time="0.034" /><testcase classname="tests.test_quiz_state_machine.TestGardenManagement" name="test_place_garden_item" time="0.053" /><testcase classname="tests.test_quiz_state_machine.TestGardenManagement" name="test_get_garden" time="0.038" /><testcase classname="tests.test_quiz_state_machine.TestErrorHandling" name="test_cannot_activate_same_quiz_twice" time="0.094" /><testcase classname="tests.test_quiz_state_machine.TestErrorHandling" name="test_invalid_cycle_id" time="0.036" /><testcase classname="tests.test_quiz_state_machine.TestErrorHandling" name="test_reveal_before_both_complete" time="0.099" /></testsuite></testsuites>