<?xml version="1.0" encoding="utf-8"?><testsuites name="pytest tests"><testsuite name="pytest" errors="0" failures="0" skipped="0" tests="10" time="4.278" timestamp="2026-02-10T18:33:08.637478+00:00" hostname="agent-env-26447e6d-b7d0-49bc-a4fe-dacb9f53ab9c"><testcase classname="tests.test_quissme_api.TestHealthCheck" name="test_api_root" time="0.086" /><testcase classname="tests.test_quissme_api.TestUserRegistration" name="test_register_user_and_verify" time="0.563" /><testcase classname="tests.test_quissme_api.TestInviteAndCoupleMatching" name="test_join_invite_and_verify_couple" time="3.242" /><testcase classname="tests.test_quissme_api.TestQuizzes" name="test_get_quizzes_list" time="0.041" /><testcase classname="tests.test_quissme_api.TestQuizzes" name="test_get_quiz_with_questions" time="0.040" /><testcase classname="tests.test_quissme_api.TestQuizSubmission" name="test_submit_quiz_and_verify_result" time="0.104" /><testcase classname="tests.test_quissme_api.TestQuizSubmission" name="test_get_couple_results" time="0.041" /><testcase classname="tests.test_quissme_api.TestErrorHandling" name="test_invalid_user_id" time="0.044" /><testcase classname="tests.test_quissme_api.TestErrorHandling" name="test_invalid_invite_code" time="0.037" /><testcase classname="tests.test_quissme_api.TestErrorHandling" name="test_invalid_quiz_id" time="0.035" /></testsuite></testsuites>