<?xml version="1.0" encoding="utf-8"?><testsuites name="pytest tests"><testsuite name="pytest" errors="0" failures="0" skipped="0" tests="12" time="4.399" timestamp="2026-02-11T00:02:51.111416+00:00" hostname="agent-env-26447e6d-b7d0-49bc-a4fe-dacb9f53ab9c"><testcase classname="tests.test_quiz_state_machine.TestQuizWheel" name="test_get_wheel_for_couple" time="2.570" /><testcase classname="tests.test_quiz_state_machine.TestClusterCycleFlow" name="test_activate_quiz_creates_cycle" time="0.038" /><testcase classname="tests.test_quiz_state_machine.TestClusterCycleFlow" name="test_submit_first_user_updates_to_one_completed" time="0.049" /><testcase classname="tests.test_quiz_state_machine.TestClusterCycleFlow" name="test_submit_second_user_updates_to_ready_to_reveal" time="1.287" /><testcase classname="tests.test_quiz_state_machine.TestClusterCycleFlow" name="test_reveal_quiz_returns_reward_choices" time="0.056" /><testcase classname="tests.test_quiz_state_machine.TestTendenciesAndZones" name="test_no_percentages_in_result" time="0.036" /><testcase classname="tests.test_quiz_state_machine.TestTendenciesAndZones" name="test_zone_is_flow_spark_or_talk" time="0.032" /><testcase classname="tests.test_quiz_state_machine.TestGardenManagement" name="test_place_garden_item" time="0.046" /><testcase classname="tests.test_quiz_state_machine.TestGardenManagement" name="test_get_garden" time="0.037" /><testcase classname="tests.test_quiz_state_machine.TestErrorHandling" name="test_cannot_activate_same_quiz_twice" time="0.047" /><testcase classname="tests.test_quiz_state_machine.TestErrorHandling" name="test_invalid_cycle_id" time="0.034" /><testcase classname="tests.test_quiz_state_machine.TestErrorHandling" name="test_reveal_before_both_complete" time="0.101" /></testsuite></testsuites>