<?xml version="1.0" encoding="utf-8"?><testsuites name="pytest tests"><testsuite name="pytest" errors="0" failures="0" skipped="0" tests="9" time="6.835" timestamp="2026-02-11T00:43:38.394203+00:00" hostname="agent-env-26447e6d-b7d0-49bc-a4fe-dacb9f53ab9c"><testcase classname="tests.test_quissme_v21_new_clusters.TestQuizCountAndDistribution" name="test_total_quiz_count" time="0.082" /><testcase classname="tests.test_quissme_v21_new_clusters.TestQuizCountAndDistribution" name="test_sector_distribution" time="0.042" /><testcase classname="tests.test_quissme_v21_new_clusters.TestQuizCountAndDistribution" name="test_category_distribution" time="0.041" /><testcase classname="tests.test_quissme_v21_new_clusters.TestReibungReparaturQuizStructure" name="test_reibung_quiz_has_4_questions" time="0.037" /><testcase classname="tests.test_quissme_v21_new_clusters.TestReibungReparaturQuizStructure" name="test_reibung_quiz_cluster_scores" time="0.038" /><testcase classname="tests.test_quissme_v21_new_clusters.TestCouplesQuizStructure" name="test_couples_quiz_has_1_question" time="0.035" /><testcase classname="tests.test_quissme_v21_new_clusters.TestCouplesQuizStructure" name="test_couples_quiz_has_5_options" time="0.037" /><testcase classname="tests.test_quissme_v21_new_clusters.TestReibungReparaturFullCycle" name="test_reibung_quiz_full_cycle" time="3.483" /><testcase classname="tests.test_quissme_v21_new_clusters.TestCouplesQuizFullCycle" name="test_couples_quiz_full_cycle" time="3.018" /></testsuite></testsuites>