<?xml version="1.0" encoding="utf-8"?><testsuites name="pytest tests"><testsuite name="pytest" errors="9" failures="0" skipped="0" tests="9" time="0.068" timestamp="2026-02-11T00:43:30.375642+00:00" hostname="agent-env-26447e6d-b7d0-49bc-a4fe-dacb9f53ab9c"><testcase classname="tests.test_quissme_v21_new_clusters.TestQuizCountAndDistribution" name="test_total_quiz_count" time="0.000"><error message="failed on setup with &quot;Failed: EXPO_PUBLIC_BACKEND_URL not set in environment&quot;">tests/conftest.py:17: in base_url
    pytest.fail("EXPO_PUBLIC_BACKEND_URL not set in environment")
E   Failed: EXPO_PUBLIC_BACKEND_URL not set in environment</error></testcase><testcase classname="tests.test_quissme_v21_new_clusters.TestQuizCountAndDistribution" name="test_sector_distribution" time="0.000"><error message="failed on setup with &quot;Failed: EXPO_PUBLIC_BACKEND_URL not set in environment&quot;">tests/conftest.py:17: in base_url
    pytest.fail("EXPO_PUBLIC_BACKEND_URL not set in environment")
E   Failed: EXPO_PUBLIC_BACKEND_URL not set in environment</error></testcase><testcase classname="tests.test_quissme_v21_new_clusters.TestQuizCountAndDistribution" name="test_category_distribution" time="0.000"><error message="failed on setup with &quot;Failed: EXPO_PUBLIC_BACKEND_URL not set in environment&quot;">tests/conftest.py:17: in base_url
    pytest.fail("EXPO_PUBLIC_BACKEND_URL not set in environment")
E   Failed: EXPO_PUBLIC_BACKEND_URL not set in environment</error></testcase><testcase classname="tests.test_quissme_v21_new_clusters.TestReibungReparaturQuizStructure" name="test_reibung_quiz_has_4_questions" time="0.000"><error message="failed on setup with &quot;Failed: EXPO_PUBLIC_BACKEND_URL not set in environment&quot;">tests/conftest.py:17: in base_url
    pytest.fail("EXPO_PUBLIC_BACKEND_URL not set in environment")
E   Failed: EXPO_PUBLIC_BACKEND_URL not set in environment</error></testcase><testcase classname="tests.test_quissme_v21_new_clusters.TestReibungReparaturQuizStructure" name="test_reibung_quiz_cluster_scores" time="0.000"><error message="failed on setup with &quot;Failed: EXPO_PUBLIC_BACKEND_URL not set in environment&quot;">tests/conftest.py:17: in base_url
    pytest.fail("EXPO_PUBLIC_BACKEND_URL not set in environment")
E   Failed: EXPO_PUBLIC_BACKEND_URL not set in environment</error></testcase><testcase classname="tests.test_quissme_v21_new_clusters.TestCouplesQuizStructure" name="test_couples_quiz_has_1_question" time="0.000"><error message="failed on setup with &quot;Failed: EXPO_PUBLIC_BACKEND_URL not set in environment&quot;">tests/conftest.py:17: in base_url
    pytest.fail("EXPO_PUBLIC_BACKEND_URL not set in environment")
E   Failed: EXPO_PUBLIC_BACKEND_URL not set in environment</error></testcase><testcase classname="tests.test_quissme_v21_new_clusters.TestCouplesQuizStructure" name="test_couples_quiz_has_5_options" time="0.000"><error message="failed on setup with &quot;Failed: EXPO_PUBLIC_BACKEND_URL not set in environment&quot;">tests/conftest.py:17: in base_url
    pytest.fail("EXPO_PUBLIC_BACKEND_URL not set in environment")
E   Failed: EXPO_PUBLIC_BACKEND_URL not set in environment</error></testcase><testcase classname="tests.test_quissme_v21_new_clusters.TestReibungReparaturFullCycle" name="test_reibung_quiz_full_cycle" time="0.000"><error message="failed on setup with &quot;Failed: EXPO_PUBLIC_BACKEND_URL not set in environment&quot;">tests/conftest.py:17: in base_url
    pytest.fail("EXPO_PUBLIC_BACKEND_URL not set in environment")
E   Failed: EXPO_PUBLIC_BACKEND_URL not set in environment</error></testcase><testcase classname="tests.test_quissme_v21_new_clusters.TestCouplesQuizFullCycle" name="test_couples_quiz_full_cycle" time="0.000"><error message="failed on setup with &quot;Failed: EXPO_PUBLIC_BACKEND_URL not set in environment&quot;">tests/conftest.py:17: in base_url
    pytest.fail("EXPO_PUBLIC_BACKEND_URL not set in environment")
E   Failed: EXPO_PUBLIC_BACKEND_URL not set in environment</error></testcase></testsuite></testsuites>