<?xml version="1.0" encoding="utf-8"?><testsuites name="pytest tests"><testsuite name="pytest" errors="0" failures="2" skipped="10" tests="12" time="0.599" timestamp="2026-02-11T00:02:39.513681+00:00" hostname="agent-env-26447e6d-b7d0-49bc-a4fe-dacb9f53ab9c"><testcase classname="tests.test_quiz_state_machine.TestQuizWheel" name="test_get_wheel_for_couple" time="0.541"><failure message="NameError: name 'BASE_URL' is not defined">E   NameError: name 'BASE_URL' is not defined</failure></testcase><testcase classname="tests.test_quiz_state_machine.TestClusterCycleFlow" name="test_activate_quiz_creates_cycle" time="0.000"><skipped type="pytest.skip" message="No couple_id from wheel test">/app/backend/tests/test_quiz_state_machine.py:88: No couple_id from wheel test</skipped></testcase><testcase classname="tests.test_quiz_state_machine.TestClusterCycleFlow" name="test_submit_first_user_updates_to_one_completed" time="0.000"><skipped type="pytest.skip" message="No cycle_id from activation test">/app/backend/tests/test_quiz_state_machine.py:114: No cycle_id from activation test</skipped></testcase><testcase classname="tests.test_quiz_state_machine.TestClusterCycleFlow" name="test_submit_second_user_updates_to_ready_to_reveal" time="0.000"><skipped type="pytest.skip" message="No cycle_id from activation test">/app/backend/tests/test_quiz_state_machine.py:149: No cycle_id from activation test</skipped></testcase><testcase classname="tests.test_quiz_state_machine.TestClusterCycleFlow" name="test_reveal_quiz_returns_reward_choices" time="0.000"><skipped type="pytest.skip" message="No cycle_id from activation test">/app/backend/tests/test_quiz_state_machine.py:216: No cycle_id from activation test</skipped></testcase><testcase classname="tests.test_quiz_state_machine.TestTendenciesAndZones" name="test_no_percentages_in_result" time="0.000"><skipped type="pytest.skip" message="No cycle_id from previous tests">/app/backend/tests/test_quiz_state_machine.py:253: No cycle_id from previous tests</skipped></testcase><testcase classname="tests.test_quiz_state_machine.TestTendenciesAndZones" name="test_zone_is_flow_spark_or_talk" time="0.000"><skipped type="pytest.skip" message="No cycle_id from previous tests">/app/backend/tests/test_quiz_state_machine.py:278: No cycle_id from previous tests</skipped></testcase><testcase classname="tests.test_quiz_state_machine.TestGardenManagement" name="test_place_garden_item" time="0.000"><skipped type="pytest.skip" message="No couple_id from previous tests">/app/backend/tests/test_quiz_state_machine.py:304: No couple_id from previous tests</skipped></testcase><testcase classname="tests.test_quiz_state_machine.TestGardenManagement" name="test_get_garden" time="0.000"><skipped type="pytest.skip" message="No couple_id from previous tests">/app/backend/tests/test_quiz_state_machine.py:348: No couple_id from previous tests</skipped></testcase><testcase classname="tests.test_quiz_state_machine.TestErrorHandling" name="test_cannot_activate_same_quiz_twice" time="0.000"><skipped type="pytest.skip" message="No couple_id from previous tests">/app/backend/tests/test_quiz_state_machine.py:370: No couple_id from previous tests</skipped></testcase><testcase classname="tests.test_quiz_state_machine.TestErrorHandling" name="test_invalid_cycle_id" time="0.000"><failure message="NameError: name 'BASE_URL' is not defined">E   NameError: name 'BASE_URL' is not defined</failure></testcase><testcase classname="tests.test_quiz_state_machine.TestErrorHandling" name="test_reveal_before_both_complete" time="0.000"><skipped type="pytest.skip" message="No couple_id from previous tests">/app/backend/tests/test_quiz_state_machine.py:407: No couple_id from previous tests</skipped></testcase></testsuite></testsuites>